\BOOKMARK [1][-]{section*.2}{Introduction}{}% 1
\BOOKMARK [1][-]{section.1}{Derivation of 1D model starting from Navier-Stokes equations}{}% 2
\BOOKMARK [2][-]{subsection.1.1}{Simplified solid equations}{section.1}% 3
\BOOKMARK [3][-]{subsubsection.1.1.1}{Simplifying hypothesis}{subsection.1.1}% 4
\BOOKMARK [3][-]{subsubsection.1.1.2}{Thin cylinder all law}{subsection.1.1}% 5
\BOOKMARK [2][-]{subsection.1.2}{Simplified fluid equations}{section.1}% 6
\BOOKMARK [3][-]{subsubsection.1.2.1}{Simplifying hypotheses}{subsection.1.2}% 7
\BOOKMARK [3][-]{subsubsection.1.2.2}{The reduced Navier-Stokes-Prandtl model}{subsection.1.2}% 8
\BOOKMARK [2][-]{subsection.1.3}{One-dimensional equations}{section.1}% 9
\BOOKMARK [1][-]{section.2}{Hyper-elastic laws}{}% 10
\BOOKMARK [2][-]{subsection.2.1}{Finite theroy}{section.2}% 11
\BOOKMARK [2][-]{subsection.2.2}{Hyperelastic laws}{section.2}% 12
\BOOKMARK [2][-]{subsection.2.3}{Deformable tubes: stresses and pressure}{section.2}% 13
\BOOKMARK [1][-]{section.3}{Solution for small amplitudes}{}% 14
\BOOKMARK [2][-]{subsection.3.1}{Theory}{section.3}% 15
\BOOKMARK [1][-]{section.4}{Numeric methods}{}% 16
\BOOKMARK [2][-]{subsection.4.1}{Conservative laws}{section.4}% 17
\BOOKMARK [2][-]{subsection.4.2}{Conservative method}{section.4}% 18
\BOOKMARK [3][-]{subsubsection.4.2.1}{Finite volume method}{subsection.4.2}% 19
\BOOKMARK [1][-]{section.5}{Results}{}% 20
\BOOKMARK [2][-]{subsection.5.1}{Comparison between analytic and numeric solution}{section.5}% 21
\BOOKMARK [2][-]{subsection.5.2}{Non-linear solutions}{section.5}% 22
\BOOKMARK [2][-]{subsection.5.3}{Subcritical and supercritical cases}{section.5}% 23
\BOOKMARK [1][-]{section*.24}{Conclusion}{}% 24
